<?xml version="1.0" encoding="UTF-8"?>
<!-- Generated by org.testng.reporters.JUnitXMLReporter -->
<testsuite hostname="DESKTOP-U3TR6TQ" ignored="0" name="Test" tests="3" failures="0" timestamp="09 May 2023 06:28:08 GMT" time="62.987" errors="0">
  <testcase name="testCase2" time="18.924" classname="testCasesForAmazon.Test2"/>
  <testcase name="testCase1" time="37.798" classname="testCasesForAmazon.Test1"/>
  <testcase name="testCase3" time="44.037" classname="testCasesForAmazon.Test3"/>
</testsuite> <!-- Test -->
