<?xml version="1.0" encoding="UTF-8"?>
<!-- Generated by org.testng.reporters.JUnitXMLReporter -->
<testsuite hostname="DESKTOP-U3TR6TQ" ignored="0" name="Default test" tests="16" failures="0" timestamp="08 May 2023 09:48:20 GMT" time="0.287" errors="0">
  <testcase name="testcase1" time="0.004" classname="annotations.ParamWithExcel"/>
  <testcase name="testcase1" time="0.001" classname="annotations.ParamWithExcel"/>
  <testcase name="testcase1" time="0.001" classname="annotations.ParamWithExcel"/>
  <testcase name="testcase1" time="0.0" classname="annotations.ParamWithExcel"/>
  <testcase name="testcase1" time="0.001" classname="annotations.ParamWithExcel"/>
  <testcase name="testcase1" time="0.001" classname="annotations.ParamWithExcel"/>
  <testcase name="testcase1" time="0.0" classname="annotations.ParamWithExcel"/>
  <testcase name="testcase1" time="0.001" classname="annotations.ParamWithExcel"/>
  <testcase name="testcase1" time="0.001" classname="annotations.ParamWithExcel"/>
  <testcase name="testcase1" time="0.001" classname="annotations.ParamWithExcel"/>
  <testcase name="testcase1" time="0.0" classname="annotations.ParamWithExcel"/>
  <testcase name="testcase1" time="0.0" classname="annotations.ParamWithExcel"/>
  <testcase name="testcase1" time="0.001" classname="annotations.ParamWithExcel"/>
  <testcase name="testcase1" time="0.001" classname="annotations.ParamWithExcel"/>
  <testcase name="testcase1" time="0.001" classname="annotations.ParamWithExcel"/>
  <testcase name="testcase1" time="0.001" classname="annotations.ParamWithExcel"/>
</testsuite> <!-- Default test -->
